c:\users\nikokin\documents\visualstudio2013\android\umbrella_demo\umbrella_demo\umbrella_demo\tegra-android\debug\libs\armeabi-v7a\libumbrella_demo.so
c:\users\nikokin\documents\visualstudio2013\android\umbrella_demo\umbrella_demo\umbrella_demo\tegra-android\debug\libs\armeabi-v7a\gdbserver
c:\users\nikokin\documents\visualstudio2013\android\umbrella_demo\umbrella_demo\umbrella_demo\tegra-android\debug\gl_code.o
c:\users\nikokin\documents\visualstudio2013\android\umbrella_demo\umbrella_demo\umbrella_demo\tegra-android\debug\umbrella_demo.o
c:\users\nikokin\documents\visualstudio2013\android\umbrella_demo\umbrella_demo\umbrella_demo\tegra-android\debug\ant.config.cache
c:\users\nikokin\documents\visualstudio2013\android\umbrella_demo\umbrella_demo\umbrella_demo\tegra-android\debug\ant.command.1.tlog
c:\users\nikokin\documents\visualstudio2013\android\umbrella_demo\umbrella_demo\umbrella_demo\tegra-android\debug\ant.write.1.tlog
c:\users\nikokin\documents\visualstudio2013\android\umbrella_demo\umbrella_demo\umbrella_demo\tegra-android\debug\ant_log.xml
c:\users\nikokin\documents\visualstudio2013\android\umbrella_demo\umbrella_demo\umbrella_demo\tegra-android\debug\nsight_tegra_build.xml
c:\users\nikokin\documents\visualstudio2013\android\umbrella_demo\umbrella_demo\umbrella_demo\tegra-android\debug\nsight_tegra_manifest.xml
c:\users\nikokin\documents\visualstudio2013\android\umbrella_demo\umbrella_demo\umbrella_demo\tegra-android\debug\umbrella_demo.tlog\arm-linux-androideabi-g++-collect2-ld.bfd.read.1.tlog
c:\users\nikokin\documents\visualstudio2013\android\umbrella_demo\umbrella_demo\umbrella_demo\tegra-android\debug\umbrella_demo.tlog\arm-linux-androideabi-g++-collect2-ld.bfd.write.1.tlog
c:\users\nikokin\documents\visualstudio2013\android\umbrella_demo\umbrella_demo\umbrella_demo\tegra-android\debug\umbrella_demo.tlog\arm-linux-androideabi-g++-collect2.read.1.tlog
c:\users\nikokin\documents\visualstudio2013\android\umbrella_demo\umbrella_demo\umbrella_demo\tegra-android\debug\umbrella_demo.tlog\arm-linux-androideabi-g++-collect2.write.1.tlog
c:\users\nikokin\documents\visualstudio2013\android\umbrella_demo\umbrella_demo\umbrella_demo\tegra-android\debug\umbrella_demo.tlog\arm-linux-androideabi-g++-link.command.1.tlog
c:\users\nikokin\documents\visualstudio2013\android\umbrella_demo\umbrella_demo\umbrella_demo\tegra-android\debug\umbrella_demo.tlog\arm-linux-androideabi-g++.compile.command.1.tlog
c:\users\nikokin\documents\visualstudio2013\android\umbrella_demo\umbrella_demo\umbrella_demo\tegra-android\debug\umbrella_demo.tlog\arm-linux-androideabi-g++.compile.read.1.tlog
c:\users\nikokin\documents\visualstudio2013\android\umbrella_demo\umbrella_demo\umbrella_demo\tegra-android\debug\umbrella_demo.tlog\arm-linux-androideabi-g++.compile.write.1.tlog
c:\users\nikokin\documents\visualstudio2013\android\umbrella_demo\umbrella_demo\umbrella_demo\tegra-android\debug\umbrella_demo.tlog\arm-linux-androideabi-g++.read.1.tlog
c:\users\nikokin\documents\visualstudio2013\android\umbrella_demo\umbrella_demo\umbrella_demo\tegra-android\debug\umbrella_demo.tlog\arm-linux-androideabi-g++.write.1.tlog
